{
  stringValue: '"true"',
  messageFormat: undefined,
  kind: 'ObjectId',
  value: true,
  path: '_id',
  reason: BSONError: Argument passed in must be a string of 12 bytes or a string of 24 hex characters or an integer
      at new ObjectId (C:\Users\Murad-Wahid\Desktop\PH-lvl-2\Mission-3 NoSQL Backend\Module-11 How to setup and organize your project professionally\university-management-auth-service\node_modules\bson\src\objectid.ts:88:15)
      at castObjectId (C:\Users\Murad-Wahid\Desktop\PH-lvl-2\Mission-3 NoSQL Backend\Module-11 How to setup and organize your project professionally\university-management-auth-service\node_modules\mongoose\lib\cast\objectid.js:25:12)
      at ObjectId.cast (C:\Users\Murad-Wahid\Desktop\PH-lvl-2\Mission-3 NoSQL Backend\Module-11 How to setup and organize your project professionally\university-management-auth-service\node_modules\mongoose\lib\schema\objectid.js:246:12)
      at ObjectId.SchemaType.applySetters (C:\Users\Murad-Wahid\Desktop\PH-lvl-2\Mission-3 NoSQL Backend\Module-11 How to setup and organize your project professionally\university-management-auth-service\node_modules\mongoose\lib\schematype.js:1204:12)
      at ObjectId.SchemaType.castForQuery (C:\Users\Murad-Wahid\Desktop\PH-lvl-2\Mission-3 NoSQL Backend\Module-11 How to setup and organize your project professionally\university-management-auth-service\node_modules\mongoose\lib\schematype.js:1616:15)
      at cast (C:\Users\Murad-Wahid\Desktop\PH-lvl-2\Mission-3 NoSQL Backend\Module-11 How to setup and organize your project professionally\university-management-auth-service\node_modules\mongoose\lib\cast.js:348:32)
      at model.Query.Query.cast (C:\Users\Murad-Wahid\Desktop\PH-lvl-2\Mission-3 NoSQL Backend\Module-11 How to setup and organize your project professionally\university-management-auth-service\node_modules\mongoose\lib\query.js:4874:12)
      at model.Query.Query._castConditions (C:\Users\Murad-Wahid\Desktop\PH-lvl-2\Mission-3 NoSQL Backend\Module-11 How to setup and organize your project professionally\university-management-auth-service\node_modules\mongoose\lib\query.js:2210:10)
      at model.Query._findOne (C:\Users\Murad-Wahid\Desktop\PH-lvl-2\Mission-3 NoSQL Backend\Module-11 How to setup and organize your project professionally\university-management-auth-service\node_modules\mongoose\lib\query.js:2497:8)
      at model.Query.exec (C:\Users\Murad-Wahid\Desktop\PH-lvl-2\Mission-3 NoSQL Backend\Module-11 How to setup and organize your project professionally\university-management-auth-service\node_modules\mongoose\lib\query.js:4404:28),
  valueType: 'boolean',
  model: Model { AcademicSemester },
  level: 'error',
  label: 'PH',
  timestamp: '2023-07-07T18:28:51.774Z'
}
{ level: 'error', label: 'PH', timestamp: '2023-07-07T18:29:42.098Z' }
