{
  statusCode: 409,
  level: 'error',
  label: 'PH',
  timestamp: '2023-07-03T06:09:55.597Z'
}
{
  statusCode: 409,
  level: 'error',
  label: 'PH',
  timestamp: '2023-07-03T06:11:35.933Z'
}
{
  statusCode: 409,
  level: 'error',
  label: 'PH',
  timestamp: '2023-07-03T06:12:07.377Z'
}
{
  statusCode: 409,
  level: 'error',
  label: 'PH',
  timestamp: '2023-07-03T06:21:12.099Z'
}
{
  statusCode: 409,
  level: 'error',
  label: 'PH',
  timestamp: '2023-07-03T06:24:05.202Z'
}
{
  statusCode: 400,
  level: 'error',
  label: 'PH',
  timestamp: '2023-07-03T06:25:32.757Z'
}
{
  statusCode: 400,
  level: 'error',
  label: 'PH',
  timestamp: '2023-07-03T06:26:25.044Z'
}
{
  statusCode: 400,
  level: 'error',
  label: 'PH',
  timestamp: '2023-07-03T06:27:59.615Z'
}
{
  statusCode: 400,
  level: 'error',
  label: 'PH',
  timestamp: '2023-07-03T06:30:12.237Z'
}
{
  statusCode: 400,
  level: 'error',
  label: 'PH',
  timestamp: '2023-07-03T06:31:36.165Z'
}
{
  statusCode: 400,
  level: 'error',
  label: 'PH',
  timestamp: '2023-07-03T06:33:27.688Z'
}
{
  statusCode: 400,
  level: 'error',
  label: 'PH',
  timestamp: '2023-07-03T06:35:23.710Z'
}
{
  statusCode: 400,
  level: 'error',
  label: 'PH',
  timestamp: '2023-07-03T06:36:35.863Z'
}
{
  message: 'Invalid semester code',
  level: 'error',
  label: 'PH',
  timestamp: '2023-07-03T06:40:30.704Z'
}
{
  statusCode: 400,
  level: 'error',
  label: 'PH',
  timestamp: '2023-07-03T06:40:38.988Z'
}
{
  message: 'Invalid semester code',
  level: 'error',
  label: 'PH',
  timestamp: '2023-07-03T06:51:14.463Z'
}
{
  statusCode: 400,
  level: 'error',
  label: 'PH',
  timestamp: '2023-07-03T06:51:23.248Z'
}
