{ level: 'error', label: 'PH', timestamp: '2023-07-03T13:47:48.607Z' }
{ level: 'error', label: 'PH', timestamp: '2023-07-03T13:50:48.166Z' }
{
  statusCode: 400,
  level: 'error',
  label: 'PH',
  timestamp: '2023-07-03T13:52:44.646Z'
}
{
  statusCode: 400,
  level: 'error',
  label: 'PH',
  timestamp: '2023-07-03T13:53:13.376Z'
}
{
  statusCode: 409,
  level: 'error',
  label: 'PH',
  timestamp: '2023-07-03T13:53:53.807Z'
}
{ level: 'error', label: 'PH', timestamp: '2023-07-03T13:58:27.069Z' }
