{
  statusCode: 204,
  level: 'error',
  label: 'PH',
  timestamp: '2023-06-19T12:39:11.707Z'
}
{
  statusCode: 409,
  level: 'error',
  label: 'PH',
  timestamp: '2023-06-19T12:40:22.735Z'
}
{
  statusCode: 204,
  level: 'error',
  label: 'PH',
  timestamp: '2023-06-19T12:41:21.010Z'
}
{
  statusCode: 409,
  level: 'error',
  label: 'PH',
  timestamp: '2023-06-19T12:41:23.434Z'
}
{
  statusCode: 400,
  level: 'error',
  label: 'PH',
  timestamp: '2023-06-19T12:44:34.626Z'
}
{
  statusCode: 409,
  level: 'error',
  label: 'PH',
  timestamp: '2023-06-19T12:46:51.504Z'
}
{
  statusCode: 400,
  level: 'error',
  label: 'PH',
  timestamp: '2023-06-19T12:47:31.563Z'
}
