{
  ok: 0,
  code: 2,
  codeName: 'BadValue',
  '$clusterTime': {
    clusterTime: new Timestamp({ t: 1688724667, i: 1 }),
    signature: {
      hash: Binary.createFromBase64("zD39dqSrOu3PfIZTwe7NIREnZ9E=", 0),
      keyId: new Long("7200573651689668609")
    }
  },
  operationTime: new Timestamp({ t: 1688724667, i: 1 }),
  level: 'error',
  label: 'PH',
  timestamp: '2023-07-07T10:11:09.482Z',
  [Symbol(errorLabels)]: Set(0) {}
}
{
  ok: 0,
  code: 2,
  codeName: 'BadValue',
  '$clusterTime': {
    clusterTime: new Timestamp({ t: 1688724731, i: 3 }),
    signature: {
      hash: Binary.createFromBase64("lWQ1oj6/cT91cCPdCSAC9D3WH3s=", 0),
      keyId: new Long("7200573651689668609")
    }
  },
  operationTime: new Timestamp({ t: 1688724731, i: 3 }),
  level: 'error',
  label: 'PH',
  timestamp: '2023-07-07T10:12:15.091Z',
  [Symbol(errorLabels)]: Set(0) {}
}
{
  statusCode: 400,
  level: 'error',
  label: 'PH',
  timestamp: '2023-07-07T10:57:40.828Z'
}
{
  statusCode: 400,
  level: 'error',
  label: 'PH',
  timestamp: '2023-07-07T10:58:15.891Z'
}
{
  statusCode: 400,
  level: 'error',
  label: 'PH',
  timestamp: '2023-07-07T10:59:12.931Z'
}
{
  statusCode: 400,
  level: 'error',
  label: 'PH',
  timestamp: '2023-07-07T10:59:53.472Z'
}
