{
  statusCode: 404,
  level: 'error',
  label: 'PH',
  timestamp: '2023-08-10T09:17:43.864Z'
}
{
  statusCode: 404,
  level: 'error',
  label: 'PH',
  timestamp: '2023-08-10T09:17:47.596Z'
}
{
  statusCode: 404,
  level: 'error',
  label: 'PH',
  timestamp: '2023-08-10T09:18:03.056Z'
}
{
  stringValue: `"{ id: 'A-00000' }"`,
  messageFormat: undefined,
  kind: 'ObjectId',
  value: { id: 'A-00000' },
  path: '_id',
  reason: BSONError: Argument passed in must be a string of 12 bytes or a string of 24 hex characters or an integer
      at new ObjectId (C:\Users\Murad-Wahid\Desktop\PH-lvl-2\Mission-3 NoSQL Backend\Module-11 How to setup and organize your project professionally\university-management-auth-service\node_modules\bson\src\objectid.ts:88:15)
      at castObjectId (C:\Users\Murad-Wahid\Desktop\PH-lvl-2\Mission-3 NoSQL Backend\Module-11 How to setup and organize your project professionally\university-management-auth-service\node_modules\mongoose\lib\cast\objectid.js:25:12)
      at ObjectId.cast (C:\Users\Murad-Wahid\Desktop\PH-lvl-2\Mission-3 NoSQL Backend\Module-11 How to setup and organize your project professionally\university-management-auth-service\node_modules\mongoose\lib\schema\objectid.js:246:12)
      at ObjectId.SchemaType.applySetters (C:\Users\Murad-Wahid\Desktop\PH-lvl-2\Mission-3 NoSQL Backend\Module-11 How to setup and organize your project professionally\university-management-auth-service\node_modules\mongoose\lib\schematype.js:1204:12)
      at ObjectId.SchemaType.castForQuery (C:\Users\Murad-Wahid\Desktop\PH-lvl-2\Mission-3 NoSQL Backend\Module-11 How to setup and organize your project professionally\university-management-auth-service\node_modules\mongoose\lib\schematype.js:1616:15)
      at cast (C:\Users\Murad-Wahid\Desktop\PH-lvl-2\Mission-3 NoSQL Backend\Module-11 How to setup and organize your project professionally\university-management-auth-service\node_modules\mongoose\lib\cast.js:290:34)
      at model.Query.Query.cast (C:\Users\Murad-Wahid\Desktop\PH-lvl-2\Mission-3 NoSQL Backend\Module-11 How to setup and organize your project professionally\university-management-auth-service\node_modules\mongoose\lib\query.js:4874:12)
      at model.Query.Query._castConditions (C:\Users\Murad-Wahid\Desktop\PH-lvl-2\Mission-3 NoSQL Backend\Module-11 How to setup and organize your project professionally\university-management-auth-service\node_modules\mongoose\lib\query.js:2210:10)
      at model.Query._findOneAndDelete (C:\Users\Murad-Wahid\Desktop\PH-lvl-2\Mission-3 NoSQL Backend\Module-11 How to setup and organize your project professionally\university-management-auth-service\node_modules\mongoose\lib\query.js:3480:8)
      at model.Query.exec (C:\Users\Murad-Wahid\Desktop\PH-lvl-2\Mission-3 NoSQL Backend\Module-11 How to setup and organize your project professionally\university-management-auth-service\node_modules\mongoose\lib\query.js:4404:28),
  valueType: 'Object',
  model: Model { Admin },
  level: 'error',
  label: 'PH',
  timestamp: '2023-08-10T09:18:42.823Z'
}
{
  stringValue: `"{ id: 'A-00001' }"`,
  messageFormat: undefined,
  kind: 'ObjectId',
  value: { id: 'A-00001' },
  path: '_id',
  reason: BSONError: Argument passed in must be a string of 12 bytes or a string of 24 hex characters or an integer
      at new ObjectId (C:\Users\Murad-Wahid\Desktop\PH-lvl-2\Mission-3 NoSQL Backend\Module-11 How to setup and organize your project professionally\university-management-auth-service\node_modules\bson\src\objectid.ts:88:15)
      at castObjectId (C:\Users\Murad-Wahid\Desktop\PH-lvl-2\Mission-3 NoSQL Backend\Module-11 How to setup and organize your project professionally\university-management-auth-service\node_modules\mongoose\lib\cast\objectid.js:25:12)
      at ObjectId.cast (C:\Users\Murad-Wahid\Desktop\PH-lvl-2\Mission-3 NoSQL Backend\Module-11 How to setup and organize your project professionally\university-management-auth-service\node_modules\mongoose\lib\schema\objectid.js:246:12)
      at ObjectId.SchemaType.applySetters (C:\Users\Murad-Wahid\Desktop\PH-lvl-2\Mission-3 NoSQL Backend\Module-11 How to setup and organize your project professionally\university-management-auth-service\node_modules\mongoose\lib\schematype.js:1204:12)
      at ObjectId.SchemaType.castForQuery (C:\Users\Murad-Wahid\Desktop\PH-lvl-2\Mission-3 NoSQL Backend\Module-11 How to setup and organize your project professionally\university-management-auth-service\node_modules\mongoose\lib\schematype.js:1616:15)
      at cast (C:\Users\Murad-Wahid\Desktop\PH-lvl-2\Mission-3 NoSQL Backend\Module-11 How to setup and organize your project professionally\university-management-auth-service\node_modules\mongoose\lib\cast.js:290:34)
      at model.Query.Query.cast (C:\Users\Murad-Wahid\Desktop\PH-lvl-2\Mission-3 NoSQL Backend\Module-11 How to setup and organize your project professionally\university-management-auth-service\node_modules\mongoose\lib\query.js:4874:12)
      at model.Query.Query._castConditions (C:\Users\Murad-Wahid\Desktop\PH-lvl-2\Mission-3 NoSQL Backend\Module-11 How to setup and organize your project professionally\university-management-auth-service\node_modules\mongoose\lib\query.js:2210:10)
      at model.Query._findOneAndDelete (C:\Users\Murad-Wahid\Desktop\PH-lvl-2\Mission-3 NoSQL Backend\Module-11 How to setup and organize your project professionally\university-management-auth-service\node_modules\mongoose\lib\query.js:3480:8)
      at model.Query.exec (C:\Users\Murad-Wahid\Desktop\PH-lvl-2\Mission-3 NoSQL Backend\Module-11 How to setup and organize your project professionally\university-management-auth-service\node_modules\mongoose\lib\query.js:4404:28),
  valueType: 'Object',
  model: Model { Admin },
  level: 'error',
  label: 'PH',
  timestamp: '2023-08-10T09:18:48.529Z'
}
{
  stringValue: `"{ id: 'A-00001' }"`,
  messageFormat: undefined,
  kind: 'ObjectId',
  value: { id: 'A-00001' },
  path: '_id',
  reason: BSONError: Argument passed in must be a string of 12 bytes or a string of 24 hex characters or an integer
      at new ObjectId (C:\Users\Murad-Wahid\Desktop\PH-lvl-2\Mission-3 NoSQL Backend\Module-11 How to setup and organize your project professionally\university-management-auth-service\node_modules\bson\src\objectid.ts:88:15)
      at castObjectId (C:\Users\Murad-Wahid\Desktop\PH-lvl-2\Mission-3 NoSQL Backend\Module-11 How to setup and organize your project professionally\university-management-auth-service\node_modules\mongoose\lib\cast\objectid.js:25:12)
      at ObjectId.cast (C:\Users\Murad-Wahid\Desktop\PH-lvl-2\Mission-3 NoSQL Backend\Module-11 How to setup and organize your project professionally\university-management-auth-service\node_modules\mongoose\lib\schema\objectid.js:246:12)
      at ObjectId.SchemaType.applySetters (C:\Users\Murad-Wahid\Desktop\PH-lvl-2\Mission-3 NoSQL Backend\Module-11 How to setup and organize your project professionally\university-management-auth-service\node_modules\mongoose\lib\schematype.js:1204:12)
      at ObjectId.SchemaType.castForQuery (C:\Users\Murad-Wahid\Desktop\PH-lvl-2\Mission-3 NoSQL Backend\Module-11 How to setup and organize your project professionally\university-management-auth-service\node_modules\mongoose\lib\schematype.js:1616:15)
      at cast (C:\Users\Murad-Wahid\Desktop\PH-lvl-2\Mission-3 NoSQL Backend\Module-11 How to setup and organize your project professionally\university-management-auth-service\node_modules\mongoose\lib\cast.js:290:34)
      at model.Query.Query.cast (C:\Users\Murad-Wahid\Desktop\PH-lvl-2\Mission-3 NoSQL Backend\Module-11 How to setup and organize your project professionally\university-management-auth-service\node_modules\mongoose\lib\query.js:4874:12)
      at model.Query.Query._castConditions (C:\Users\Murad-Wahid\Desktop\PH-lvl-2\Mission-3 NoSQL Backend\Module-11 How to setup and organize your project professionally\university-management-auth-service\node_modules\mongoose\lib\query.js:2210:10)
      at model.Query._findOneAndDelete (C:\Users\Murad-Wahid\Desktop\PH-lvl-2\Mission-3 NoSQL Backend\Module-11 How to setup and organize your project professionally\university-management-auth-service\node_modules\mongoose\lib\query.js:3480:8)
      at model.Query.exec (C:\Users\Murad-Wahid\Desktop\PH-lvl-2\Mission-3 NoSQL Backend\Module-11 How to setup and organize your project professionally\university-management-auth-service\node_modules\mongoose\lib\query.js:4404:28),
  valueType: 'Object',
  model: Model { Admin },
  level: 'error',
  label: 'PH',
  timestamp: '2023-08-10T09:19:00.892Z'
}
{
  stringValue: `"{ id: 'A-00001' }"`,
  messageFormat: undefined,
  kind: 'ObjectId',
  value: { id: 'A-00001' },
  path: '_id',
  reason: BSONError: Argument passed in must be a string of 12 bytes or a string of 24 hex characters or an integer
      at new ObjectId (C:\Users\Murad-Wahid\Desktop\PH-lvl-2\Mission-3 NoSQL Backend\Module-11 How to setup and organize your project professionally\university-management-auth-service\node_modules\bson\src\objectid.ts:88:15)
      at castObjectId (C:\Users\Murad-Wahid\Desktop\PH-lvl-2\Mission-3 NoSQL Backend\Module-11 How to setup and organize your project professionally\university-management-auth-service\node_modules\mongoose\lib\cast\objectid.js:25:12)
      at ObjectId.cast (C:\Users\Murad-Wahid\Desktop\PH-lvl-2\Mission-3 NoSQL Backend\Module-11 How to setup and organize your project professionally\university-management-auth-service\node_modules\mongoose\lib\schema\objectid.js:246:12)
      at ObjectId.SchemaType.applySetters (C:\Users\Murad-Wahid\Desktop\PH-lvl-2\Mission-3 NoSQL Backend\Module-11 How to setup and organize your project professionally\university-management-auth-service\node_modules\mongoose\lib\schematype.js:1204:12)
      at ObjectId.SchemaType.castForQuery (C:\Users\Murad-Wahid\Desktop\PH-lvl-2\Mission-3 NoSQL Backend\Module-11 How to setup and organize your project professionally\university-management-auth-service\node_modules\mongoose\lib\schematype.js:1616:15)
      at cast (C:\Users\Murad-Wahid\Desktop\PH-lvl-2\Mission-3 NoSQL Backend\Module-11 How to setup and organize your project professionally\university-management-auth-service\node_modules\mongoose\lib\cast.js:290:34)
      at model.Query.Query.cast (C:\Users\Murad-Wahid\Desktop\PH-lvl-2\Mission-3 NoSQL Backend\Module-11 How to setup and organize your project professionally\university-management-auth-service\node_modules\mongoose\lib\query.js:4874:12)
      at model.Query.Query._castConditions (C:\Users\Murad-Wahid\Desktop\PH-lvl-2\Mission-3 NoSQL Backend\Module-11 How to setup and organize your project professionally\university-management-auth-service\node_modules\mongoose\lib\query.js:2210:10)
      at model.Query._findOneAndDelete (C:\Users\Murad-Wahid\Desktop\PH-lvl-2\Mission-3 NoSQL Backend\Module-11 How to setup and organize your project professionally\university-management-auth-service\node_modules\mongoose\lib\query.js:3480:8)
      at model.Query.exec (C:\Users\Murad-Wahid\Desktop\PH-lvl-2\Mission-3 NoSQL Backend\Module-11 How to setup and organize your project professionally\university-management-auth-service\node_modules\mongoose\lib\query.js:4404:28),
  valueType: 'Object',
  model: Model { Admin },
  level: 'error',
  label: 'PH',
  timestamp: '2023-08-10T09:19:48.100Z'
}
{
  level: 'error',
  label: 'PH',
  timestamp: '2023-08-10T09:21:46.515Z',
  [Symbol(errorLabels)]: Set(0) {}
}
{
  level: 'error',
  label: 'PH',
  timestamp: '2023-08-10T09:37:11.199Z',
  [Symbol(errorLabels)]: Set(0) {}
}
