{
  ok: 0,
  code: 2,
  codeName: 'BadValue',
  '$clusterTime': {
    clusterTime: new Timestamp({ t: 1688722484, i: 6 }),
    signature: {
      hash: Binary.createFromBase64("FA4ntBJ1Jor3c6hJAQxII7UJFOM=", 0),
      keyId: new Long("7200573651689668609")
    }
  },
  operationTime: new Timestamp({ t: 1688722484, i: 6 }),
  level: 'error',
  label: 'PH',
  timestamp: '2023-07-07T09:34:48.306Z',
  [Symbol(errorLabels)]: Set(0) {}
}
{
  ok: 0,
  code: 2,
  codeName: 'BadValue',
  '$clusterTime': {
    clusterTime: new Timestamp({ t: 1688722974, i: 9 }),
    signature: {
      hash: Binary.createFromBase64("wqcJMoSSGSfJFdmkP1dbhTZi6MQ=", 0),
      keyId: new Long("7200573651689668609")
    }
  },
  operationTime: new Timestamp({ t: 1688722974, i: 9 }),
  level: 'error',
  label: 'PH',
  timestamp: '2023-07-07T09:43:09.584Z',
  [Symbol(errorLabels)]: Set(0) {}
}
{
  ok: 0,
  code: 2,
  codeName: 'BadValue',
  '$clusterTime': {
    clusterTime: new Timestamp({ t: 1688723058, i: 6 }),
    signature: {
      hash: Binary.createFromBase64("1JQe3HNTguKlDdMl4Hg0exT+cO8=", 0),
      keyId: new Long("7200573651689668609")
    }
  },
  operationTime: new Timestamp({ t: 1688723058, i: 6 }),
  level: 'error',
  label: 'PH',
  timestamp: '2023-07-07T09:44:33.372Z',
  [Symbol(errorLabels)]: Set(0) {}
}
{
  ok: 0,
  code: 2,
  codeName: 'BadValue',
  '$clusterTime': {
    clusterTime: new Timestamp({ t: 1688723247, i: 2 }),
    signature: {
      hash: Binary.createFromBase64("2H4z43S97KlRvVfMpN9AYdBxl/g=", 0),
      keyId: new Long("7200573651689668609")
    }
  },
  operationTime: new Timestamp({ t: 1688723247, i: 2 }),
  level: 'error',
  label: 'PH',
  timestamp: '2023-07-07T09:47:29.952Z',
  [Symbol(errorLabels)]: Set(0) {}
}
