{
  errors: {
    title: ValidatorError: Path `title` is required.
        at validate (C:\Users\Murad-Wahid\Desktop\PH-lvl-2\Mission-3 NoSQL Backend\Module-11 How to setup and organize your project professionally\university-management-auth-service\node_modules\mongoose\lib\schematype.js:1349:13)
        at SchemaString.SchemaType.doValidate (C:\Users\Murad-Wahid\Desktop\PH-lvl-2\Mission-3 NoSQL Backend\Module-11 How to setup and organize your project professionally\university-management-auth-service\node_modules\mongoose\lib\schematype.js:1333:7)
        at C:\Users\Murad-Wahid\Desktop\PH-lvl-2\Mission-3 NoSQL Backend\Module-11 How to setup and organize your project professionally\university-management-auth-service\node_modules\mongoose\lib\document.js:2932:18
        at processTicksAndRejections (node:internal/process/task_queues:77:11) {
      properties: {
        validator: [Function (anonymous)],
        message: 'Path `title` is required.',
        type: 'required',
        path: 'title',
        value: undefined
      },
      kind: 'required',
      path: 'title',
      value: undefined,
      reason: undefined,
      [Symbol(mongoose:validatorError)]: true
    }
  },
  _message: 'AcademicFaculty validation failed',
  level: 'error',
  label: 'PH',
  timestamp: '2023-07-14T10:10:10.094Z'
}
