{
  code: 'EADDRINUSE',
  errno: -4091,
  syscall: 'listen',
  address: '::',
  port: 5000,
  level: 'error',
  label: 'PH',
  timestamp: '2023-07-11T13:30:45.940Z'
}
{ level: 'error', label: 'PH', timestamp: '2023-07-11T13:33:06.265Z' }
{
  code: 'EADDRINUSE',
  errno: -4091,
  syscall: 'listen',
  address: '::',
  port: 5000,
  level: 'error',
  label: 'PH',
  timestamp: '2023-07-11T13:33:53.399Z'
}
{ level: 'error', label: 'PH', timestamp: '2023-07-11T13:33:55.892Z' }
{
  code: 'EADDRINUSE',
  errno: -4091,
  syscall: 'listen',
  address: '::',
  port: 5000,
  level: 'error',
  label: 'PH',
  timestamp: '2023-07-11T13:34:31.234Z'
}
{
  code: 'EADDRINUSE',
  errno: -4091,
  syscall: 'listen',
  address: '::',
  port: 5000,
  level: 'error',
  label: 'PH',
  timestamp: '2023-07-11T13:35:19.893Z'
}
{
  code: 'EADDRINUSE',
  errno: -4091,
  syscall: 'listen',
  address: '::',
  port: 5000,
  level: 'error',
  label: 'PH',
  timestamp: '2023-07-11T13:35:30.048Z'
}
{
  code: 'EADDRINUSE',
  errno: -4091,
  syscall: 'listen',
  address: '::',
  port: 5000,
  level: 'error',
  label: 'PH',
  timestamp: '2023-07-11T13:35:56.319Z'
}
{
  code: 'EADDRINUSE',
  errno: -4091,
  syscall: 'listen',
  address: '::',
  port: 5000,
  level: 'error',
  label: 'PH',
  timestamp: '2023-07-11T13:41:01.013Z'
}
{
  code: 'EADDRINUSE',
  errno: -4091,
  syscall: 'listen',
  address: '::',
  port: 5000,
  level: 'error',
  label: 'PH',
  timestamp: '2023-07-11T13:41:18.591Z'
}
{
  code: 'EADDRINUSE',
  errno: -4091,
  syscall: 'listen',
  address: '::',
  port: 5000,
  level: 'error',
  label: 'PH',
  timestamp: '2023-07-11T13:41:37.633Z'
}
{
  code: 'EADDRINUSE',
  errno: -4091,
  syscall: 'listen',
  address: '::',
  port: 5000,
  level: 'error',
  label: 'PH',
  timestamp: '2023-07-11T13:43:48.161Z'
}
{
  code: 'EADDRINUSE',
  errno: -4091,
  syscall: 'listen',
  address: '::',
  port: 5000,
  level: 'error',
  label: 'PH',
  timestamp: '2023-07-11T13:46:24.874Z'
}
{
  code: 'EADDRINUSE',
  errno: -4091,
  syscall: 'listen',
  address: '::',
  port: 5000,
  level: 'error',
  label: 'PH',
  timestamp: '2023-07-11T13:46:49.240Z'
}
{
  code: 'EADDRINUSE',
  errno: -4091,
  syscall: 'listen',
  address: '::',
  port: 5000,
  level: 'error',
  label: 'PH',
  timestamp: '2023-07-11T13:46:54.339Z'
}
{
  code: 'EADDRINUSE',
  errno: -4091,
  syscall: 'listen',
  address: '::',
  port: 5000,
  level: 'error',
  label: 'PH',
  timestamp: '2023-07-11T13:47:54.150Z'
}
{
  code: 'EADDRINUSE',
  errno: -4091,
  syscall: 'listen',
  address: '::',
  port: 5000,
  level: 'error',
  label: 'PH',
  timestamp: '2023-07-11T13:48:02.167Z'
}
{
  code: 'EADDRINUSE',
  errno: -4091,
  syscall: 'listen',
  address: '::',
  port: 5000,
  level: 'error',
  label: 'PH',
  timestamp: '2023-07-11T13:48:47.320Z'
}
{
  code: 'EADDRINUSE',
  errno: -4091,
  syscall: 'listen',
  address: '::',
  port: 5000,
  level: 'error',
  label: 'PH',
  timestamp: '2023-07-11T13:49:08.676Z'
}
{
  code: 'EADDRINUSE',
  errno: -4091,
  syscall: 'listen',
  address: '::',
  port: 5000,
  level: 'error',
  label: 'PH',
  timestamp: '2023-07-11T13:49:22.047Z'
}
{
  code: 'EADDRINUSE',
  errno: -4091,
  syscall: 'listen',
  address: '::',
  port: 5000,
  level: 'error',
  label: 'PH',
  timestamp: '2023-07-11T13:49:40.671Z'
}
{
  code: 'EADDRINUSE',
  errno: -4091,
  syscall: 'listen',
  address: '::',
  port: 5000,
  level: 'error',
  label: 'PH',
  timestamp: '2023-07-11T13:54:02.836Z'
}
{
  code: 'EADDRINUSE',
  errno: -4091,
  syscall: 'listen',
  address: '::',
  port: 5000,
  level: 'error',
  label: 'PH',
  timestamp: '2023-07-11T13:56:10.022Z'
}
{
  code: 'EADDRINUSE',
  errno: -4091,
  syscall: 'listen',
  address: '::',
  port: 5000,
  level: 'error',
  label: 'PH',
  timestamp: '2023-07-11T13:57:05.656Z'
}
{
  code: 'EADDRINUSE',
  errno: -4091,
  syscall: 'listen',
  address: '::',
  port: 5000,
  level: 'error',
  label: 'PH',
  timestamp: '2023-07-11T13:57:12.781Z'
}
{
  code: 'EADDRINUSE',
  errno: -4091,
  syscall: 'listen',
  address: '::',
  port: 5000,
  level: 'error',
  label: 'PH',
  timestamp: '2023-07-11T13:57:58.847Z'
}
{
  code: 'EADDRINUSE',
  errno: -4091,
  syscall: 'listen',
  address: '::',
  port: 5000,
  level: 'error',
  label: 'PH',
  timestamp: '2023-07-11T13:58:13.355Z'
}
{
  code: 'EADDRINUSE',
  errno: -4091,
  syscall: 'listen',
  address: '::',
  port: 5000,
  level: 'error',
  label: 'PH',
  timestamp: '2023-07-11T13:58:25.522Z'
}
{
  code: 'EADDRINUSE',
  errno: -4091,
  syscall: 'listen',
  address: '::',
  port: 5000,
  level: 'error',
  label: 'PH',
  timestamp: '2023-07-11T13:58:33.986Z'
}
{
  code: 'EADDRINUSE',
  errno: -4091,
  syscall: 'listen',
  address: '::',
  port: 5000,
  level: 'error',
  label: 'PH',
  timestamp: '2023-07-11T13:59:23.014Z'
}
{
  code: 'EADDRINUSE',
  errno: -4091,
  syscall: 'listen',
  address: '::',
  port: 5000,
  level: 'error',
  label: 'PH',
  timestamp: '2023-07-11T13:59:42.195Z'
}
